TN:
SF:src/riceTracerContract.ts
FN:17,(anonymous_3)
FN:32,(anonymous_4)
FN:37,(anonymous_5)
FN:55,(anonymous_6)
FN:71,(anonymous_7)
FN:102,(anonymous_8)
FN:202,(anonymous_9)
FN:327,(anonymous_11)
FN:338,(anonymous_12)
FN:360,(anonymous_13)
FN:400,(anonymous_14)
FN:421,(anonymous_15)
FN:435,(anonymous_16)
FN:446,(anonymous_17)
FNF:14
FNH:0
FNDA:0,(anonymous_3)
FNDA:0,(anonymous_4)
FNDA:0,(anonymous_5)
FNDA:0,(anonymous_6)
FNDA:0,(anonymous_7)
FNDA:0,(anonymous_8)
FNDA:0,(anonymous_9)
FNDA:0,(anonymous_11)
FNDA:0,(anonymous_12)
FNDA:0,(anonymous_13)
FNDA:0,(anonymous_14)
FNDA:0,(anonymous_15)
FNDA:0,(anonymous_16)
FNDA:0,(anonymous_17)
DA:5,1
DA:6,1
DA:7,1
DA:8,1
DA:11,1
DA:20,0
DA:26,0
DA:33,0
DA:34,0
DA:36,0
DA:37,0
DA:38,0
DA:39,0
DA:40,0
DA:41,0
DA:42,0
DA:46,0
DA:55,1
DA:56,0
DA:57,0
DA:59,0
DA:71,1
DA:72,0
DA:94,0
DA:102,1
DA:104,0
DA:107,0
DA:108,0
DA:110,0
DA:165,0
DA:166,0
DA:172,0
DA:189,0
DA:190,0
DA:202,1
DA:214,0
DA:216,0
DA:217,0
DA:218,0
DA:222,0
DA:225,0
DA:226,0
DA:229,0
DA:241,0
DA:249,0
DA:260,0
DA:274,1
DA:283,0
DA:285,0
DA:288,0
DA:289,0
DA:293,0
DA:294,0
DA:296,0
DA:300,0
DA:309,0
DA:312,0
DA:313,0
DA:315,0
DA:327,1
DA:328,0
DA:329,0
DA:338,1
DA:339,0
DA:341,0
DA:352,0
DA:360,1
DA:368,0
DA:370,0
DA:371,0
DA:372,0
DA:375,0
DA:376,0
DA:377,0
DA:380,0
DA:388,0
DA:400,1
DA:401,0
DA:402,0
DA:403,0
DA:406,0
DA:407,0
DA:409,0
DA:421,1
DA:422,0
DA:423,0
DA:424,0
DA:427,0
DA:435,1
DA:436,0
DA:437,0
DA:446,1
DA:447,0
DA:448,0
DA:450,0
DA:451,0
DA:452,0
DA:453,0
DA:454,0
DA:455,0
DA:456,0
DA:460,0
DA:463,0
DA:466,0
DA:467,0
LF:105
LH:17
BRDA:26,0,0,0
BRDA:26,0,1,0
BRDA:36,1,0,0
BRDA:38,2,0,0
BRDA:38,2,1,0
BRDA:38,2,2,0
BRDA:38,2,3,0
BRDA:217,3,0,0
BRDA:230,4,0,0
BRDA:230,4,1,0
BRDA:230,4,2,0
BRDA:232,5,0,0
BRDA:232,5,1,0
BRDA:234,6,0,0
BRDA:234,6,1,0
BRDA:349,7,0,0
BRDA:349,7,1,0
BRDA:371,8,0,0
BRDA:371,9,0,0
BRDA:371,9,1,0
BRDA:376,10,0,0
BRDA:402,11,0,0
BRDA:402,12,0,0
BRDA:402,12,1,0
BRDA:423,13,0,0
BRDA:423,14,0,0
BRDA:423,14,1,0
BRDA:437,15,0,0
BRDA:437,15,1,0
BRDA:452,16,0,0
BRDA:452,17,0,0
BRDA:452,17,1,0
BRDA:455,18,0,0
BRF:33
BRH:0
end_of_record
TN:
SF:src/types.ts
FN:10,(anonymous_2)
FN:20,(anonymous_3)
FN:37,(anonymous_4)
FN:67,(anonymous_5)
FN:88,(anonymous_6)
FN:143,(anonymous_7)
FN:173,(anonymous_8)
FN:194,(anonymous_9)
FNF:8
FNH:1
FNDA:1,(anonymous_2)
FNDA:0,(anonymous_3)
FNDA:0,(anonymous_4)
FNDA:0,(anonymous_5)
FNDA:0,(anonymous_6)
FNDA:0,(anonymous_7)
FNDA:0,(anonymous_8)
FNDA:0,(anonymous_9)
DA:5,1
DA:10,1
DA:11,1
DA:12,1
DA:13,1
DA:20,1
DA:22,1
DA:25,1
DA:28,1
DA:37,1
DA:39,1
DA:42,1
DA:45,1
DA:48,1
DA:51,1
DA:54,1
DA:57,1
DA:60,1
DA:67,1
DA:69,1
DA:72,1
DA:75,1
DA:78,1
DA:81,1
DA:88,1
DA:90,1
DA:93,1
DA:96,1
DA:99,1
DA:102,1
DA:105,1
DA:109,1
DA:112,1
DA:115,1
DA:118,1
DA:121,1
DA:124,1
DA:127,1
DA:130,1
DA:133,1
DA:136,1
DA:143,1
DA:145,1
DA:148,1
DA:151,1
DA:154,1
DA:157,1
DA:160,1
DA:163,1
DA:166,1
DA:173,1
DA:175,1
DA:178,1
DA:181,1
DA:184,1
DA:187,1
DA:194,1
DA:196,1
DA:199,1
LF:59
LH:59
BRDA:10,0,0,1
BRDA:10,0,1,1
BRF:2
BRH:2
end_of_record
